# Logfile created on 2017-08-04 13:39:20 -0300 by logger.rb/56815
I, [2017-08-04T13:39:20.059134 #25660]  INFO -- Iniciando: a soma dos valores 15 2 total = 17
I, [2017-08-04T13:39:20.059176 #25660]  INFO -- Iniciando: a soma dos valores 23 10 total = 33
I, [2017-08-04T13:39:20.059197 #25660]  INFO -- Iniciando: a soma dos valores 0 2 total = 2
I, [2017-08-04T13:39:20.059231 #25660]  INFO -- Iniciando: a subtração dos valores 3 2 total = 1
I, [2017-08-04T13:39:20.059308 #25660]  INFO -- Iniciando: a subtração dos valores 40 5 total = 35
I, [2017-08-04T13:39:20.059341 #25660]  INFO -- Iniciando: a subtração dos valores 10 34 total = -24
I, [2017-08-04T13:39:20.059378 #25660]  INFO -- Iniciando: a divisão dos valores 45 2 total = 22
I, [2017-08-04T13:39:20.059408 #25660]  INFO -- Iniciando: a divisão dos valores 90 12 total = 7
I, [2017-08-04T13:39:20.059436 #25660]  INFO -- Iniciando: a divisão dos valores 45 56 total = 0
I, [2017-08-04T13:39:20.059474 #25660]  INFO -- Iniciando: a multiplicação dos valores 5 2 total = 10
I, [2017-08-04T13:39:20.059506 #25660]  INFO -- Iniciando: a multiplicação dos valores 90 12 total = 1080
I, [2017-08-04T13:39:20.059537 #25660]  INFO -- Iniciando: a multiplicação dos valores 75 56 total = 4200
I, [2017-08-04T13:41:04.476257 #25745]  INFO -- Iniciando: a soma dos valores 15 e 2 total = 17
I, [2017-08-04T13:41:04.476332 #25745]  INFO -- Iniciando: a soma dos valores 23 e 10 total = 33
I, [2017-08-04T13:41:04.476379 #25745]  INFO -- Iniciando: a soma dos valores 0 e 2 total = 2
I, [2017-08-04T13:41:04.476424 #25745]  INFO -- Iniciando: a subtração dos valores 3 e 2 total = 1
I, [2017-08-04T13:41:04.476452 #25745]  INFO -- Iniciando: a subtração dos valores 40 e 5 total = 35
I, [2017-08-04T13:41:04.476520 #25745]  INFO -- Iniciando: a subtração dos valores 10 e 34 total = -24
I, [2017-08-04T13:41:04.476570 #25745]  INFO -- Iniciando: a divisão dos valores 45 e 2 total = 22
I, [2017-08-04T13:41:04.476621 #25745]  INFO -- Iniciando: a divisão dos valores 90 e 12 total = 7
I, [2017-08-04T13:41:04.476652 #25745]  INFO -- Iniciando: a divisão dos valores 45 e 56 total = 0
I, [2017-08-04T13:41:04.476688 #25745]  INFO -- Iniciando: a multiplicação dos valores 5 e 2 total = 10
I, [2017-08-04T13:41:04.476716 #25745]  INFO -- Iniciando: a multiplicação dos valores 90 e 12 total = 1080
I, [2017-08-04T13:41:04.476743 #25745]  INFO -- Iniciando: a multiplicação dos valores 75 e 56 total = 4200
I, [2017-08-04T13:48:28.649774 #25765]  INFO -- Iniciando: a soma dos valores 15 e 2 total = 17
I, [2017-08-04T13:48:28.649842 #25765]  INFO -- Iniciando: a soma dos valores 23 e 10 total = 33
I, [2017-08-04T13:48:28.649873 #25765]  INFO -- Iniciando: a soma dos valores 0 e 2 total = 2
I, [2017-08-04T13:48:28.649909 #25765]  INFO -- Iniciando: a subtração dos valores 3 e 2 total = 1
I, [2017-08-04T13:48:28.649980 #25765]  INFO -- Iniciando: a subtração dos valores 40 e 5 total = 35
I, [2017-08-04T13:48:28.650013 #25765]  INFO -- Iniciando: a subtração dos valores 10 e 34 total = -24
I, [2017-08-04T13:48:28.650113 #25765]  INFO -- Iniciando: a divisão dos valores 45 e 2 total = 22
I, [2017-08-04T13:48:28.650151 #25765]  INFO -- Iniciando: a divisão dos valores 90 e 12 total = 7
I, [2017-08-04T13:48:28.650181 #25765]  INFO -- Iniciando: a divisão dos valores 45 e 56 total = 0
I, [2017-08-04T13:48:28.650218 #25765]  INFO -- Iniciando: a multiplicação dos valores 5 e 2 total = 10
I, [2017-08-04T13:48:28.650251 #25765]  INFO -- Iniciando: a multiplicação dos valores 90 e 12 total = 1080
I, [2017-08-04T13:48:28.650290 #25765]  INFO -- Iniciando: a multiplicação dos valores 75 e 56 total = 4200
I, [2017-08-04T13:48:33.704656 #25766]  INFO -- Iniciando: a soma dos valores 15 e 2 total = 17
I, [2017-08-04T13:48:33.704806 #25766]  INFO -- Iniciando: a soma dos valores 23 e 10 total = 33
I, [2017-08-04T13:48:33.704851 #25766]  INFO -- Iniciando: a soma dos valores 0 e 2 total = 2
I, [2017-08-04T13:48:33.704910 #25766]  INFO -- Iniciando: a subtração dos valores 3 e 2 total = 1
I, [2017-08-04T13:48:33.705157 #25766]  INFO -- Iniciando: a subtração dos valores 40 e 5 total = 35
I, [2017-08-04T13:48:33.705368 #25766]  INFO -- Iniciando: a subtração dos valores 10 e 34 total = -24
I, [2017-08-04T13:48:33.705423 #25766]  INFO -- Iniciando: a divisão dos valores 45 e 2 total = 22
I, [2017-08-04T13:48:33.705499 #25766]  INFO -- Iniciando: a divisão dos valores 90 e 12 total = 7
I, [2017-08-04T13:48:33.705544 #25766]  INFO -- Iniciando: a divisão dos valores 45 e 56 total = 0
I, [2017-08-04T13:48:33.705595 #25766]  INFO -- Iniciando: a multiplicação dos valores 5 e 2 total = 10
I, [2017-08-04T13:48:33.705715 #25766]  INFO -- Iniciando: a multiplicação dos valores 90 e 12 total = 1080
I, [2017-08-04T13:48:33.705760 #25766]  INFO -- Iniciando: a multiplicação dos valores 75 e 56 total = 4200
I, [2017-08-04T13:48:45.331373 #25768]  INFO -- Iniciando: a soma dos valores 15 e 2 total = 17
I, [2017-08-04T13:48:45.331469 #25768]  INFO -- Iniciando: a soma dos valores 23 e 10 total = 33
I, [2017-08-04T13:48:45.331516 #25768]  INFO -- Iniciando: a soma dos valores 0 e 2 total = 2
I, [2017-08-04T13:48:45.331560 #25768]  INFO -- Iniciando: a subtração dos valores 3 e 2 total = 1
I, [2017-08-04T13:48:45.331594 #25768]  INFO -- Iniciando: a subtração dos valores 40 e 5 total = 35
I, [2017-08-04T13:48:45.331668 #25768]  INFO -- Iniciando: a subtração dos valores 10 e 34 total = -24
I, [2017-08-04T13:48:45.331711 #25768]  INFO -- Iniciando: a divisão dos valores 45 e 2 total = 22
I, [2017-08-04T13:48:45.331797 #25768]  INFO -- Iniciando: a divisão dos valores 90 e 12 total = 7
I, [2017-08-04T13:48:45.331839 #25768]  INFO -- Iniciando: a divisão dos valores 45 e 56 total = 0
I, [2017-08-04T13:48:45.331873 #25768]  INFO -- Iniciando: a multiplicação dos valores 5 e 2 total = 10
I, [2017-08-04T13:48:45.331892 #25768]  INFO -- Iniciando: a multiplicação dos valores 90 e 12 total = 1080
I, [2017-08-04T13:48:45.331915 #25768]  INFO -- Iniciando: a multiplicação dos valores 75 e 56 total = 4200
I, [2017-08-04T13:48:46.934962 #25769]  INFO -- Iniciando: a soma dos valores 15 e 2 total = 17
I, [2017-08-04T13:48:46.935097 #25769]  INFO -- Iniciando: a soma dos valores 23 e 10 total = 33
I, [2017-08-04T13:48:46.935139 #25769]  INFO -- Iniciando: a soma dos valores 0 e 2 total = 2
I, [2017-08-04T13:48:46.935180 #25769]  INFO -- Iniciando: a subtração dos valores 3 e 2 total = 1
I, [2017-08-04T13:48:46.935212 #25769]  INFO -- Iniciando: a subtração dos valores 40 e 5 total = 35
I, [2017-08-04T13:48:46.935292 #25769]  INFO -- Iniciando: a subtração dos valores 10 e 34 total = -24
I, [2017-08-04T13:48:46.935328 #25769]  INFO -- Iniciando: a divisão dos valores 45 e 2 total = 22
I, [2017-08-04T13:48:46.935352 #25769]  INFO -- Iniciando: a divisão dos valores 90 e 12 total = 7
I, [2017-08-04T13:48:46.935375 #25769]  INFO -- Iniciando: a divisão dos valores 45 e 56 total = 0
I, [2017-08-04T13:48:46.935407 #25769]  INFO -- Iniciando: a multiplicação dos valores 5 e 2 total = 10
I, [2017-08-04T13:48:46.935431 #25769]  INFO -- Iniciando: a multiplicação dos valores 90 e 12 total = 1080
I, [2017-08-04T13:48:46.935459 #25769]  INFO -- Iniciando: a multiplicação dos valores 75 e 56 total = 4200
I, [2017-08-04T13:48:48.982488 #25770]  INFO -- Iniciando: a soma dos valores 15 e 2 total = 17
I, [2017-08-04T13:48:48.982571 #25770]  INFO -- Iniciando: a soma dos valores 23 e 10 total = 33
I, [2017-08-04T13:48:48.982611 #25770]  INFO -- Iniciando: a soma dos valores 0 e 2 total = 2
I, [2017-08-04T13:48:48.982649 #25770]  INFO -- Iniciando: a subtração dos valores 3 e 2 total = 1
I, [2017-08-04T13:48:48.982720 #25770]  INFO -- Iniciando: a subtração dos valores 40 e 5 total = 35
I, [2017-08-04T13:48:48.982750 #25770]  INFO -- Iniciando: a subtração dos valores 10 e 34 total = -24
I, [2017-08-04T13:48:48.982784 #25770]  INFO -- Iniciando: a divisão dos valores 45 e 2 total = 22
I, [2017-08-04T13:48:48.982812 #25770]  INFO -- Iniciando: a divisão dos valores 90 e 12 total = 7
I, [2017-08-04T13:48:48.982839 #25770]  INFO -- Iniciando: a divisão dos valores 45 e 56 total = 0
I, [2017-08-04T13:48:48.982873 #25770]  INFO -- Iniciando: a multiplicação dos valores 5 e 2 total = 10
I, [2017-08-04T13:48:48.982901 #25770]  INFO -- Iniciando: a multiplicação dos valores 90 e 12 total = 1080
I, [2017-08-04T13:48:48.982928 #25770]  INFO -- Iniciando: a multiplicação dos valores 75 e 56 total = 4200
I, [2017-08-04T15:40:16.666185 #26992]  INFO -- Iniciando: a soma dos valores 15 e 2 total = 17
I, [2017-08-04T15:40:16.666287 #26992]  INFO -- Iniciando: a soma dos valores 23 e 10 total = 33
I, [2017-08-04T15:40:16.666335 #26992]  INFO -- Iniciando: a soma dos valores 0 e 2 total = 2
I, [2017-08-04T15:40:16.666380 #26992]  INFO -- Iniciando: a subtração dos valores 3 e 2 total = 1
I, [2017-08-04T15:40:16.666414 #26992]  INFO -- Iniciando: a subtração dos valores 40 e 5 total = 35
I, [2017-08-04T15:40:16.666492 #26992]  INFO -- Iniciando: a subtração dos valores 10 e 34 total = -24
I, [2017-08-04T15:40:16.666534 #26992]  INFO -- Iniciando: a divisão dos valores 45 e 2 total = 22
I, [2017-08-04T15:40:16.666566 #26992]  INFO -- Iniciando: a divisão dos valores 90 e 12 total = 7
I, [2017-08-04T15:40:16.666596 #26992]  INFO -- Iniciando: a divisão dos valores 45 e 56 total = 0
I, [2017-08-04T15:40:16.666634 #26992]  INFO -- Iniciando: a multiplicação dos valores 5 e 2 total = 10
I, [2017-08-04T15:40:16.666666 #26992]  INFO -- Iniciando: a multiplicação dos valores 90 e 12 total = 1080
I, [2017-08-04T15:40:16.666697 #26992]  INFO -- Iniciando: a multiplicação dos valores 75 e 56 total = 4200
